<?xml version="1.0" encoding="UTF-8"?>
<testng-results ignored="0" total="1" passed="1" failed="0" skipped="0">
  <reporter-output>
  </reporter-output>
  <suite started-at="2023-09-29T20:15:38 IST" name="Default suite" finished-at="2023-09-29T20:15:53 IST" duration-ms="15058">
    <groups>
    </groups>
    <test started-at="2023-09-29T20:15:38 IST" name="Default test" finished-at="2023-09-29T20:15:53 IST" duration-ms="15058">
      <class name="Login.Login1">
        <test-method signature="Login1()[pri:0, instance:Login.Login1@6cf0e0ba]" started-at="2023-09-29T20:15:38 IST" name="Login1" finished-at="2023-09-29T20:15:53 IST" duration-ms="15029" status="PASS">
          <reporter-output>
          </reporter-output>
        </test-method> <!-- Login1 -->
      </class> <!-- Login.Login1 -->
    </test> <!-- Default test -->
  </suite> <!-- Default suite -->
</testng-results>
